3 0 6f8bc8 190
3 0 6f8a88 205
3 1 d84f78 7
3 1 d84f48 77
3 0 790688 241
3 1 d84f58 15
3 0 d84f84 203
3 0 790975 231
3 0 21fba0 87
3 0 79094c 188
3 0 7906d0 95
3 0 7906c8 201
3 0 d84f58 59
3 0 eee3d0 151
3 1 d84f00 36
3 0 eee3c0 224
3 1 d84f68 82
3 0 790958 177
3 0 790950 41
3 0 790954 132
3 0 c00fd0 14
3 0 79094c 47
3 0 790960 153
3 0 c01dec 217
3 0 790968 52
3 0 c04870 81
3 0 c04874 116
3 0 c04878 121
3 0 d84f58 172
3 0 790968 175
3 1 d84ee8 130
3 1 d84ef0 79
3 1 d84ed8 151
3 1 d84ee0 196
3 1 d84f80 131
3 0 d84f00 197
3 1 d84ec8 166
3 1 d84ea8 176
3 1 d84eb0 171
3 1 d84eb8 33
3 1 d84ec0 169
3 0 c14954 57
3 0 c14958 76
3 0 c14956 44
3 0 d84f84 102
3 0 d84f70 18
3 0 d84f50 213
3 0 d84f58 20
3 0 790990 172
3 0 d84f80 96
3 0 c4070c 250
3 0 790940 147
3 0 6f8bc0 167